<?xml version="1.0" encoding="UTF-8"?>
<!-- Generated by org.testng.reporters.JUnitReportReporter -->
<testsuite hostname="DESKTOP-FDDI8NE" failures="0" tests="3" name="com.doms.WelcomeTest.VerifyWelcomePageTest" time="19.425" errors="0" timestamp="2024-11-09T09:26:22 IST" skipped="0">
  <testcase classname="com.doms.WelcomeTest.VerifyWelcomePageTest" name="verifyWelcomepageWithValidInput" time="11.007"/>
  <testcase classname="com.doms.WelcomeTest.VerifyWelcomePageTest" name="verifyWelcomepageWithInvalidInput" time="4.301"/>
  <testcase classname="com.doms.WelcomeTest.VerifyWelcomePageTest" name="verifyWelcomepageWithInvalidInput" time="4.117"/>
  <system-out>
    <![CDATA[launch the browser success
maximize browser success
Navigating to the application via URL Sucess
Close the Browser]]>
  </system-out>
</testsuite> <!-- com.doms.WelcomeTest.VerifyWelcomePageTest -->
