<?xml version="1.0" encoding="UTF-8"?>
<!-- Generated by org.testng.reporters.JUnitReportReporter -->
<testsuite hostname="DESKTOP-FDDI8NE" failures="0" tests="3" name="com.doms.ProductTest.KidsProductTest" time="0.013" errors="0" timestamp="2024-10-29T08:50:06 IST" skipped="0">
  <testcase classname="com.doms.ProductTest.KidsProductTest" name="addProduct" time="0.003"/>
  <system-out/>
  <testcase classname="com.doms.ProductTest.KidsProductTest" name="updateProduct" time="0.008"/>
  <system-out/>
  <testcase classname="com.doms.ProductTest.KidsProductTest" name="removeProduct" time="0.002"/>
  <system-out/>
</testsuite> <!-- com.doms.ProductTest.KidsProductTest -->
