<?xml version="1.0" encoding="UTF-8"?>
<!-- Generated by org.testng.reporters.JUnitReportReporter -->
<testsuite hostname="DESKTOP-FDDI8NE" failures="0" tests="3" name="com.doms.ProductTest.MensProductTest" time="0.031" errors="0" timestamp="2024-10-29T08:50:06 IST" skipped="0">
  <testcase classname="com.doms.ProductTest.MensProductTest" name="updateProduct" time="0.009"/>
  <system-out/>
  <testcase classname="com.doms.ProductTest.MensProductTest" name="removeProduct" time="0.012"/>
  <system-out/>
  <testcase classname="com.doms.ProductTest.MensProductTest" name="addProduct" time="0.010"/>
  <system-out/>
</testsuite> <!-- com.doms.ProductTest.MensProductTest -->
