<?xml version="1.0" encoding="UTF-8"?>
<!-- Generated by org.testng.reporters.JUnitReportReporter -->
<testsuite hostname="DESKTOP-FDDI8NE" failures="0" tests="3" name="com.doms.ProductTest.WomensProductTest" time="0.038" errors="0" timestamp="2024-10-29T08:50:06 IST" skipped="0">
  <testcase classname="com.doms.ProductTest.WomensProductTest" name="updateProduct" time="0.019"/>
  <system-out/>
  <testcase classname="com.doms.ProductTest.WomensProductTest" name="removeProduct" time="0.017"/>
  <system-out/>
  <testcase classname="com.doms.ProductTest.WomensProductTest" name="addProduct" time="0.002"/>
  <system-out/>
</testsuite> <!-- com.doms.ProductTest.WomensProductTest -->
