<?xml version="1.0" encoding="UTF-8"?>
<!-- Generated by org.testng.reporters.JUnitReportReporter -->
<testsuite hostname="DESKTOP-FDDI8NE" failures="0" tests="3" name="com.doms.ProductTest.ElectronicProductTest" time="0.028" errors="0" timestamp="2024-10-29T08:50:35 IST" skipped="0">
  <testcase classname="com.doms.ProductTest.ElectronicProductTest" name="addProduct" time="0.021"/>
  <system-out/>
  <testcase classname="com.doms.ProductTest.ElectronicProductTest" name="updateProduct" time="0.003"/>
  <system-out/>
  <testcase classname="com.doms.ProductTest.ElectronicProductTest" name="removeProduct" time="0.004"/>
  <system-out/>
</testsuite> <!-- com.doms.ProductTest.ElectronicProductTest -->
