<?xml version="1.0" encoding="UTF-8"?>
<!-- Generated by org.testng.reporters.JUnitReportReporter -->
<testsuite hostname="DESKTOP-FDDI8NE" failures="0" tests="5" name="com.doms.Demo" time="1.281" errors="0" timestamp="2024-11-05T09:39:40 IST" skipped="0">
  <testcase classname="com.doms.Demo" name="DemoTesting2" time="0.006"/>
  <testcase classname="com.doms.Demo" name="DemoTesting5" time="0.004"/>
  <testcase classname="com.doms.Demo" name="DemoTesting4" time="0.007"/>
  <testcase classname="com.doms.Demo" name="DemoTesting1" time="1.260"/>
  <testcase classname="com.doms.Demo" name="DemoTesting3" time="0.004"/>
</testsuite> <!-- com.doms.Demo -->
